[11.17.21|19:45:35] Parameters:
{'work_dir': 'elias', 'config': 'config/st_gcn/kinetics-skeleton/train.yaml', 'phase': 'train', 'save_result': False, 'start_epoch': 0, 'num_epoch': 50, 'use_gpu': True, 'device': [0], 'log_interval': 100, 'save_interval': 10, 'eval_interval': 5, 'save_log': True, 'print_log': True, 'pavi_log': False, 'feeder': 'feeder.feeder.Feeder', 'num_worker': 4, 'train_feeder_args': {'random_choose': True, 'random_move': True, 'window_size': 150, 'data_path': '../../../../../data/stars/user/eboughos/kinetics-skeleton/val_data.npy', 'label_path': '../../../../../data/stars/user/eboughos/kinetics-skeleton/val_label.pkl', 'debug': False}, 'test_feeder_args': {'data_path': '../../../../../data/stars/user/eboughos/kinetics-skeleton/val_data.npy', 'label_path': '../../../../../data/stars/user/eboughos/kinetics-skeleton/val_label.pkl'}, 'batch_size': 32, 'test_batch_size': 32, 'debug': False, 'model': 'net.st_gcn.Model', 'model_args': {'in_channels': 3, 'num_class': 400, 'edge_importance_weighting': True, 'graph_args': {'layout': 'openpose', 'strategy': 'spatial'}}, 'weights': None, 'ignore_weights': [], 'show_topk': [1, 5], 'base_lr': 0.1, 'step': [20, 30, 40, 50], 'optimizer': 'SGD', 'nesterov': True, 'weight_decay': 0.0001}

[11.17.21|19:45:35] Training epoch: 0
[11.17.21|19:45:38] 	Iter 0 Done. | loss: 5.9498 | lr: 0.100000
[11.17.21|19:46:30] 	Iter 100 Done. | loss: 5.9602 | lr: 0.100000
[11.17.21|19:47:22] 	Iter 200 Done. | loss: 5.9571 | lr: 0.100000
[11.17.21|19:48:14] 	Iter 300 Done. | loss: 5.8493 | lr: 0.100000
[11.17.21|19:49:06] 	Iter 400 Done. | loss: 5.8521 | lr: 0.100000
[11.17.21|19:49:59] 	Iter 500 Done. | loss: 5.9755 | lr: 0.100000
[11.17.21|19:50:51] 	Iter 600 Done. | loss: 5.8210 | lr: 0.100000
[11.17.21|19:51:00] 	mean_loss: 5.9025862579592605
[11.17.21|19:51:00] Time consumption:
[11.17.21|19:51:00] Done.
[11.17.21|19:51:00] Training epoch: 1
[11.17.21|19:51:44] 	Iter 700 Done. | loss: 5.7538 | lr: 0.100000
[11.17.21|19:52:36] 	Iter 800 Done. | loss: 5.8345 | lr: 0.100000
[11.17.21|19:53:28] 	Iter 900 Done. | loss: 5.9216 | lr: 0.100000
[11.17.21|19:54:21] 	Iter 1000 Done. | loss: 5.6983 | lr: 0.100000
[11.17.21|19:55:13] 	Iter 1100 Done. | loss: 5.7304 | lr: 0.100000
[11.17.21|19:56:05] 	Iter 1200 Done. | loss: 5.4411 | lr: 0.100000
[11.17.21|19:56:24] 	mean_loss: 5.703488312878655
[11.17.21|19:56:24] Time consumption:
[11.17.21|19:56:24] Done.
[11.17.21|19:56:24] Training epoch: 2
[11.17.21|19:56:58] 	Iter 1300 Done. | loss: 5.4469 | lr: 0.100000
[11.17.21|19:57:50] 	Iter 1400 Done. | loss: 5.7457 | lr: 0.100000
[11.17.21|19:58:43] 	Iter 1500 Done. | loss: 5.7004 | lr: 0.100000
[11.17.21|19:59:35] 	Iter 1600 Done. | loss: 5.5983 | lr: 0.100000
[11.17.21|20:00:27] 	Iter 1700 Done. | loss: 5.4519 | lr: 0.100000
[11.17.21|20:01:20] 	Iter 1800 Done. | loss: 5.6336 | lr: 0.100000
[11.17.21|20:01:47] 	mean_loss: 5.576891825808676
[11.17.21|20:01:47] Time consumption:
[11.17.21|20:01:47] Done.
[11.17.21|20:01:47] Training epoch: 3
[11.17.21|20:02:12] 	Iter 1900 Done. | loss: 5.4994 | lr: 0.100000
[11.17.21|20:03:05] 	Iter 2000 Done. | loss: 5.6583 | lr: 0.100000
[11.17.21|20:03:57] 	Iter 2100 Done. | loss: 5.7620 | lr: 0.100000
[11.17.21|20:04:49] 	Iter 2200 Done. | loss: 5.7532 | lr: 0.100000
[11.17.21|20:05:42] 	Iter 2300 Done. | loss: 5.7833 | lr: 0.100000
[11.17.21|20:06:34] 	Iter 2400 Done. | loss: 5.4389 | lr: 0.100000
[11.17.21|20:07:11] 	mean_loss: 5.526393348730884
[11.17.21|20:07:11] Time consumption:
[11.17.21|20:07:11] Done.
[11.17.21|20:07:11] Training epoch: 4
[11.17.21|20:07:26] 	Iter 2500 Done. | loss: 5.3587 | lr: 0.100000
[11.17.21|20:08:19] 	Iter 2600 Done. | loss: 5.4531 | lr: 0.100000
[11.17.21|20:09:11] 	Iter 2700 Done. | loss: 5.4464 | lr: 0.100000
[11.17.21|20:10:03] 	Iter 2800 Done. | loss: 5.4994 | lr: 0.100000
[11.17.21|20:10:56] 	Iter 2900 Done. | loss: 5.4428 | lr: 0.100000
[11.17.21|20:11:48] 	Iter 3000 Done. | loss: 5.6477 | lr: 0.100000
[11.17.21|20:12:35] 	mean_loss: 5.472673762577637
[11.17.21|20:12:35] Time consumption:
[11.17.21|20:12:35] Done.
[11.17.21|20:12:35] Eval epoch: 4
[11.17.21|20:14:25] 	mean_loss: 5.47313098337423
[11.17.21|20:14:26] 	Top1: 1.63%
[11.17.21|20:14:26] 	Top5: 6.71%
[11.17.21|20:14:26] Done.
[11.17.21|20:14:26] Training epoch: 5
[11.17.21|20:14:32] 	Iter 3100 Done. | loss: 5.3550 | lr: 0.100000
[11.17.21|20:15:25] 	Iter 3200 Done. | loss: 5.3207 | lr: 0.100000
[11.17.21|20:16:17] 	Iter 3300 Done. | loss: 5.6624 | lr: 0.100000
[11.17.21|20:17:09] 	Iter 3400 Done. | loss: 5.5401 | lr: 0.100000
[11.17.21|20:18:02] 	Iter 3500 Done. | loss: 5.4349 | lr: 0.100000
[11.17.21|20:18:54] 	Iter 3600 Done. | loss: 5.4439 | lr: 0.100000
[11.17.21|20:19:46] 	Iter 3700 Done. | loss: 5.2936 | lr: 0.100000
[11.17.21|20:19:50] 	mean_loss: 5.418618834134445
[11.17.21|20:19:50] Time consumption:
[11.17.21|20:19:50] Done.
[11.17.21|20:19:50] Training epoch: 6
[11.17.21|20:20:39] 	Iter 3800 Done. | loss: 5.3960 | lr: 0.100000
[11.17.21|20:21:31] 	Iter 3900 Done. | loss: 5.1823 | lr: 0.100000
[11.17.21|20:22:24] 	Iter 4000 Done. | loss: 5.1548 | lr: 0.100000
[11.17.21|20:23:16] 	Iter 4100 Done. | loss: 5.6832 | lr: 0.100000
[11.17.21|20:24:08] 	Iter 4200 Done. | loss: 5.3914 | lr: 0.100000
[11.17.21|20:25:01] 	Iter 4300 Done. | loss: 5.2911 | lr: 0.100000
[11.17.21|20:25:14] 	mean_loss: 5.3723117417887964
[11.17.21|20:25:14] Time consumption:
[11.17.21|20:25:14] Done.
[11.17.21|20:25:14] Training epoch: 7
[11.17.21|20:25:54] 	Iter 4400 Done. | loss: 5.1167 | lr: 0.100000
[11.17.21|20:26:46] 	Iter 4500 Done. | loss: 5.2894 | lr: 0.100000
[11.17.21|20:27:38] 	Iter 4600 Done. | loss: 5.4928 | lr: 0.100000
[11.17.21|20:28:31] 	Iter 4700 Done. | loss: 5.2299 | lr: 0.100000
[11.17.21|20:29:23] 	Iter 4800 Done. | loss: 5.1604 | lr: 0.100000
[11.17.21|20:30:16] 	Iter 4900 Done. | loss: 5.3501 | lr: 0.100000
[11.17.21|20:30:38] 	mean_loss: 5.32922241834375
[11.17.21|20:30:38] Time consumption:
[11.17.21|20:30:38] Done.
[11.17.21|20:30:38] Training epoch: 8
[11.17.21|20:31:08] 	Iter 5000 Done. | loss: 5.2302 | lr: 0.100000
[11.17.21|20:32:01] 	Iter 5100 Done. | loss: 5.5291 | lr: 0.100000
[11.17.21|20:32:53] 	Iter 5200 Done. | loss: 5.0283 | lr: 0.100000
[11.17.21|20:33:45] 	Iter 5300 Done. | loss: 5.0412 | lr: 0.100000
[11.17.21|20:34:38] 	Iter 5400 Done. | loss: 4.9375 | lr: 0.100000
[11.17.21|20:35:30] 	Iter 5500 Done. | loss: 5.1428 | lr: 0.100000
[11.17.21|20:36:02] 	mean_loss: 5.291348720445602
[11.17.21|20:36:02] Time consumption:
[11.17.21|20:36:02] Done.
[11.17.21|20:36:02] Training epoch: 9
[11.17.21|20:36:23] 	Iter 5600 Done. | loss: 5.3227 | lr: 0.100000
[11.17.21|20:37:15] 	Iter 5700 Done. | loss: 4.9644 | lr: 0.100000
[11.17.21|20:38:08] 	Iter 5800 Done. | loss: 5.0592 | lr: 0.100000
[11.17.21|20:39:00] 	Iter 5900 Done. | loss: 5.1933 | lr: 0.100000
[11.17.21|20:39:52] 	Iter 6000 Done. | loss: 4.9351 | lr: 0.100000
[11.17.21|20:40:45] 	Iter 6100 Done. | loss: 5.2437 | lr: 0.100000
[11.17.21|20:41:26] 	mean_loss: 5.25305939337968
[11.17.21|20:41:26] Time consumption:
[11.17.21|20:41:26] Done.
[11.17.21|20:41:26] The model has been saved as elias/epoch10_model.pt.
[11.17.21|20:41:26] Eval epoch: 9
[11.17.21|20:43:17] 	mean_loss: 5.096616862085987
[11.17.21|20:43:17] 	Top1: 3.69%
[11.17.21|20:43:18] 	Top5: 13.28%
[11.17.21|20:43:18] Done.
[11.17.21|20:43:18] Training epoch: 10
[11.17.21|20:43:29] 	Iter 6200 Done. | loss: 5.1448 | lr: 0.100000
[11.17.21|20:44:21] 	Iter 6300 Done. | loss: 5.1423 | lr: 0.100000
[11.17.21|20:45:14] 	Iter 6400 Done. | loss: 5.3152 | lr: 0.100000
[11.17.21|20:46:06] 	Iter 6500 Done. | loss: 5.4273 | lr: 0.100000
[11.17.21|20:46:58] 	Iter 6600 Done. | loss: 5.4057 | lr: 0.100000
[11.17.21|20:47:51] 	Iter 6700 Done. | loss: 5.2370 | lr: 0.100000
[11.17.21|20:48:42] 	mean_loss: 5.21584420065278
[11.17.21|20:48:42] Time consumption:
[11.17.21|20:48:42] Done.
[11.17.21|20:48:42] Training epoch: 11
[11.17.21|20:48:43] 	Iter 6800 Done. | loss: 5.1014 | lr: 0.100000
[11.17.21|20:49:36] 	Iter 6900 Done. | loss: 5.0268 | lr: 0.100000
[11.17.21|20:50:28] 	Iter 7000 Done. | loss: 5.3226 | lr: 0.100000
[11.17.21|20:51:21] 	Iter 7100 Done. | loss: 5.1631 | lr: 0.100000
[11.17.21|20:52:13] 	Iter 7200 Done. | loss: 4.9063 | lr: 0.100000
[11.17.21|20:53:05] 	Iter 7300 Done. | loss: 5.3070 | lr: 0.100000
[11.17.21|20:53:58] 	Iter 7400 Done. | loss: 5.6152 | lr: 0.100000
[11.17.21|20:54:06] 	mean_loss: 5.173528084862965
[11.17.21|20:54:06] Time consumption:
[11.17.21|20:54:06] Done.
[11.17.21|20:54:06] Training epoch: 12
[11.17.21|20:54:50] 	Iter 7500 Done. | loss: 5.1668 | lr: 0.100000
[11.17.21|20:55:43] 	Iter 7600 Done. | loss: 4.9284 | lr: 0.100000
[11.17.21|20:56:35] 	Iter 7700 Done. | loss: 5.1994 | lr: 0.100000
[11.17.21|20:57:28] 	Iter 7800 Done. | loss: 5.5546 | lr: 0.100000
[11.17.21|20:58:20] 	Iter 7900 Done. | loss: 5.0479 | lr: 0.100000
[11.17.21|20:59:12] 	Iter 8000 Done. | loss: 5.1775 | lr: 0.100000
[11.17.21|20:59:30] 	mean_loss: 5.1292156571323435
[11.17.21|20:59:30] Time consumption:
[11.17.21|20:59:30] Done.
[11.17.21|20:59:30] Training epoch: 13
[11.17.21|21:00:05] 	Iter 8100 Done. | loss: 5.0899 | lr: 0.100000
[11.17.21|21:00:57] 	Iter 8200 Done. | loss: 5.3049 | lr: 0.100000
[11.17.21|21:01:50] 	Iter 8300 Done. | loss: 4.8356 | lr: 0.100000
[11.17.21|21:02:42] 	Iter 8400 Done. | loss: 5.0099 | lr: 0.100000
[11.17.21|21:03:34] 	Iter 8500 Done. | loss: 5.1234 | lr: 0.100000
[11.17.21|21:04:27] 	Iter 8600 Done. | loss: 4.9811 | lr: 0.100000
[11.17.21|21:04:53] 	mean_loss: 5.082430115795444
[11.17.21|21:04:53] Time consumption:
[11.17.21|21:04:53] Done.
[11.17.21|21:04:53] Training epoch: 14
[11.17.21|21:05:19] 	Iter 8700 Done. | loss: 5.1784 | lr: 0.100000
[11.17.21|21:06:11] 	Iter 8800 Done. | loss: 4.9608 | lr: 0.100000
[11.17.21|21:07:04] 	Iter 8900 Done. | loss: 4.8701 | lr: 0.100000
[11.17.21|21:07:56] 	Iter 9000 Done. | loss: 5.0832 | lr: 0.100000
[11.17.21|21:08:48] 	Iter 9100 Done. | loss: 5.2271 | lr: 0.100000
[11.17.21|21:09:41] 	Iter 9200 Done. | loss: 4.7977 | lr: 0.100000
[11.17.21|21:10:17] 	mean_loss: 5.043392905139615
[11.17.21|21:10:17] Time consumption:
[11.17.21|21:10:17] Done.
[11.17.21|21:10:17] Eval epoch: 14
[11.17.21|21:12:08] 	mean_loss: 4.847641687593476
[11.17.21|21:12:08] 	Top1: 6.17%
[11.17.21|21:12:08] 	Top5: 19.11%
[11.17.21|21:12:08] Done.
[11.17.21|21:12:08] Training epoch: 15
[11.17.21|21:12:25] 	Iter 9300 Done. | loss: 5.0803 | lr: 0.100000
[11.17.21|21:13:17] 	Iter 9400 Done. | loss: 4.7534 | lr: 0.100000
[11.17.21|21:14:10] 	Iter 9500 Done. | loss: 5.2999 | lr: 0.100000
[11.17.21|21:15:02] 	Iter 9600 Done. | loss: 5.4418 | lr: 0.100000
[11.17.21|21:15:54] 	Iter 9700 Done. | loss: 5.3237 | lr: 0.100000
[11.17.21|21:16:46] 	Iter 9800 Done. | loss: 5.1360 | lr: 0.100000
[11.17.21|21:17:32] 	mean_loss: 5.013434351455047
[11.17.21|21:17:32] Time consumption:
[11.17.21|21:17:32] Done.
[11.17.21|21:17:32] Training epoch: 16
[11.17.21|21:17:39] 	Iter 9900 Done. | loss: 4.9810 | lr: 0.100000
[11.17.21|21:18:31] 	Iter 10000 Done. | loss: 5.0552 | lr: 0.100000
[11.17.21|21:19:24] 	Iter 10100 Done. | loss: 5.0868 | lr: 0.100000
[11.17.21|21:20:16] 	Iter 10200 Done. | loss: 5.1402 | lr: 0.100000
[11.17.21|21:21:08] 	Iter 10300 Done. | loss: 5.3638 | lr: 0.100000
[11.17.21|21:22:01] 	Iter 10400 Done. | loss: 5.0237 | lr: 0.100000
[11.17.21|21:22:53] 	Iter 10500 Done. | loss: 4.6591 | lr: 0.100000
[11.17.21|21:22:56] 	mean_loss: 4.972919657006619
[11.17.21|21:22:56] Time consumption:
[11.17.21|21:22:56] Done.
[11.17.21|21:22:56] Training epoch: 17
[11.17.21|21:23:46] 	Iter 10600 Done. | loss: 4.7733 | lr: 0.100000
[11.17.21|21:24:38] 	Iter 10700 Done. | loss: 4.8461 | lr: 0.100000
[11.17.21|21:25:31] 	Iter 10800 Done. | loss: 5.2436 | lr: 0.100000
[11.17.21|21:26:23] 	Iter 10900 Done. | loss: 5.0535 | lr: 0.100000
[11.17.21|21:27:15] 	Iter 11000 Done. | loss: 4.7308 | lr: 0.100000
[11.17.21|21:28:08] 	Iter 11100 Done. | loss: 5.3362 | lr: 0.100000
[11.17.21|21:28:20] 	mean_loss: 4.942748980228955
[11.17.21|21:28:20] Time consumption:
[11.17.21|21:28:20] Done.
[11.17.21|21:28:20] Training epoch: 18
[11.17.21|21:29:01] 	Iter 11200 Done. | loss: 4.8461 | lr: 0.100000
[11.17.21|21:29:53] 	Iter 11300 Done. | loss: 4.8981 | lr: 0.100000
[11.17.21|21:30:45] 	Iter 11400 Done. | loss: 5.2170 | lr: 0.100000
[11.17.21|21:31:38] 	Iter 11500 Done. | loss: 4.4225 | lr: 0.100000
[11.17.21|21:32:30] 	Iter 11600 Done. | loss: 5.1108 | lr: 0.100000
[11.17.21|21:33:23] 	Iter 11700 Done. | loss: 5.1375 | lr: 0.100000
[11.17.21|21:33:44] 	mean_loss: 4.926205067187065
[11.17.21|21:33:44] Time consumption:
[11.17.21|21:33:44] Done.
[11.17.21|21:33:44] Training epoch: 19
[11.17.21|21:34:15] 	Iter 11800 Done. | loss: 4.3910 | lr: 0.100000
[11.17.21|21:35:08] 	Iter 11900 Done. | loss: 4.8035 | lr: 0.100000
[11.17.21|21:36:00] 	Iter 12000 Done. | loss: 5.2250 | lr: 0.100000
[11.17.21|21:36:53] 	Iter 12100 Done. | loss: 4.7108 | lr: 0.100000
[11.17.21|21:37:45] 	Iter 12200 Done. | loss: 4.8269 | lr: 0.100000
[11.17.21|21:38:38] 	Iter 12300 Done. | loss: 5.1157 | lr: 0.100000
[11.17.21|21:39:09] 	mean_loss: 4.894115126248702
[11.17.21|21:39:09] Time consumption:
[11.17.21|21:39:09] Done.
[11.17.21|21:39:09] The model has been saved as elias/epoch20_model.pt.
[11.17.21|21:39:09] Eval epoch: 19
[11.17.21|21:41:00] 	mean_loss: 4.674576080673538
[11.17.21|21:41:00] 	Top1: 8.49%
[11.17.21|21:41:01] 	Top5: 23.21%
[11.17.21|21:41:01] Done.
[11.17.21|21:41:01] Training epoch: 20
[11.17.21|21:41:23] 	Iter 12400 Done. | loss: 4.9132 | lr: 0.010000
[11.17.21|21:42:15] 	Iter 12500 Done. | loss: 4.9716 | lr: 0.010000
[11.17.21|21:43:07] 	Iter 12600 Done. | loss: 4.6302 | lr: 0.010000
[11.17.21|21:44:00] 	Iter 12700 Done. | loss: 4.5116 | lr: 0.010000
[11.17.21|21:44:53] 	Iter 12800 Done. | loss: 4.0735 | lr: 0.010000
[11.17.21|21:45:45] 	Iter 12900 Done. | loss: 4.9310 | lr: 0.010000
[11.17.21|21:46:26] 	mean_loss: 4.673602094542248
[11.17.21|21:46:26] Time consumption:
[11.17.21|21:46:26] Done.
[11.17.21|21:46:26] Training epoch: 21
[11.17.21|21:46:38] 	Iter 13000 Done. | loss: 4.7474 | lr: 0.010000
[11.17.21|21:47:30] 	Iter 13100 Done. | loss: 4.3930 | lr: 0.010000
[11.17.21|21:48:23] 	Iter 13200 Done. | loss: 4.5227 | lr: 0.010000
[11.17.21|21:49:15] 	Iter 13300 Done. | loss: 4.8569 | lr: 0.010000
[11.17.21|21:50:08] 	Iter 13400 Done. | loss: 4.7551 | lr: 0.010000
[11.17.21|21:51:00] 	Iter 13500 Done. | loss: 4.8326 | lr: 0.010000
[11.17.21|21:51:50] 	mean_loss: 4.601013376489041
[11.17.21|21:51:50] Time consumption:
[11.17.21|21:51:50] Done.
[11.17.21|21:51:50] Training epoch: 22
[11.17.21|21:51:53] 	Iter 13600 Done. | loss: 4.1849 | lr: 0.010000
[11.17.21|21:52:45] 	Iter 13700 Done. | loss: 4.9303 | lr: 0.010000
[11.17.21|21:53:38] 	Iter 13800 Done. | loss: 4.1451 | lr: 0.010000
[11.17.21|21:54:30] 	Iter 13900 Done. | loss: 4.4587 | lr: 0.010000
[11.17.21|21:55:23] 	Iter 14000 Done. | loss: 4.2979 | lr: 0.010000
[11.17.21|21:56:15] 	Iter 14100 Done. | loss: 4.8825 | lr: 0.010000
[11.17.21|21:57:08] 	Iter 14200 Done. | loss: 4.5485 | lr: 0.010000
[11.17.21|21:57:15] 	mean_loss: 4.571985393666141
[11.17.21|21:57:15] Time consumption:
[11.17.21|21:57:15] Done.
[11.17.21|21:57:15] Training epoch: 23
[11.17.21|21:58:00] 	Iter 14300 Done. | loss: 4.8560 | lr: 0.010000
[11.17.21|21:58:53] 	Iter 14400 Done. | loss: 4.6948 | lr: 0.010000
[11.17.21|21:59:45] 	Iter 14500 Done. | loss: 4.1695 | lr: 0.010000
[11.17.21|22:00:38] 	Iter 14600 Done. | loss: 4.1522 | lr: 0.010000
[11.17.21|22:01:30] 	Iter 14700 Done. | loss: 4.3008 | lr: 0.010000
[11.17.21|22:02:23] 	Iter 14800 Done. | loss: 4.4960 | lr: 0.010000
[11.17.21|22:02:39] 	mean_loss: 4.558964907544331
[11.17.21|22:02:39] Time consumption:
[11.17.21|22:02:39] Done.
[11.17.21|22:02:39] Training epoch: 24
[11.17.21|22:03:16] 	Iter 14900 Done. | loss: 4.4967 | lr: 0.010000
[11.17.21|22:04:08] 	Iter 15000 Done. | loss: 4.3363 | lr: 0.010000
[11.17.21|22:05:00] 	Iter 15100 Done. | loss: 4.6838 | lr: 0.010000
[11.17.21|22:05:53] 	Iter 15200 Done. | loss: 4.0167 | lr: 0.010000
[11.17.21|22:06:45] 	Iter 15300 Done. | loss: 4.4257 | lr: 0.010000
[11.17.21|22:07:38] 	Iter 15400 Done. | loss: 4.3609 | lr: 0.010000
[11.17.21|22:08:03] 	mean_loss: 4.542549718930883
[11.17.21|22:08:03] Time consumption:
[11.17.21|22:08:03] Done.
[11.17.21|22:08:03] Eval epoch: 24
[11.17.21|22:09:54] 	mean_loss: 4.278544908579024
[11.17.21|22:09:55] 	Top1: 13.86%
[11.17.21|22:09:55] 	Top5: 32.92%
[11.17.21|22:09:55] Done.
[11.17.21|22:09:55] Training epoch: 25
[11.17.21|22:10:22] 	Iter 15500 Done. | loss: 4.4964 | lr: 0.010000
[11.17.21|22:11:14] 	Iter 15600 Done. | loss: 4.4326 | lr: 0.010000
[11.17.21|22:12:07] 	Iter 15700 Done. | loss: 4.5262 | lr: 0.010000
[11.17.21|22:12:59] 	Iter 15800 Done. | loss: 4.4988 | lr: 0.010000
[11.17.21|22:13:52] 	Iter 15900 Done. | loss: 4.5011 | lr: 0.010000
[11.17.21|22:14:44] 	Iter 16000 Done. | loss: 4.6730 | lr: 0.010000
[11.17.21|22:15:19] 	mean_loss: 4.51435265649098
[11.17.21|22:15:19] Time consumption:
[11.17.21|22:15:19] Done.
[11.17.21|22:15:19] Training epoch: 26
[11.17.21|22:15:36] 	Iter 16100 Done. | loss: 4.2656 | lr: 0.010000
[11.17.21|22:16:29] 	Iter 16200 Done. | loss: 4.2778 | lr: 0.010000
[11.17.21|22:17:21] 	Iter 16300 Done. | loss: 4.5389 | lr: 0.010000
[11.17.21|22:18:14] 	Iter 16400 Done. | loss: 4.3735 | lr: 0.010000
[11.17.21|22:19:06] 	Iter 16500 Done. | loss: 4.1046 | lr: 0.010000
[11.17.21|22:19:58] 	Iter 16600 Done. | loss: 4.4998 | lr: 0.010000
[11.17.21|22:20:43] 	mean_loss: 4.513562661930195
[11.17.21|22:20:43] Time consumption:
[11.17.21|22:20:43] Done.
[11.17.21|22:20:43] Training epoch: 27
[11.17.21|22:20:51] 	Iter 16700 Done. | loss: 4.2339 | lr: 0.010000
[11.17.21|22:21:43] 	Iter 16800 Done. | loss: 4.4280 | lr: 0.010000
[11.17.21|22:22:36] 	Iter 16900 Done. | loss: 4.3565 | lr: 0.010000
[11.17.21|22:23:28] 	Iter 17000 Done. | loss: 4.2628 | lr: 0.010000
[11.17.21|22:24:20] 	Iter 17100 Done. | loss: 4.2968 | lr: 0.010000
[11.17.21|22:25:13] 	Iter 17200 Done. | loss: 4.9024 | lr: 0.010000
[11.17.21|22:26:05] 	Iter 17300 Done. | loss: 4.8524 | lr: 0.010000
[11.17.21|22:26:07] 	mean_loss: 4.492312633103923
[11.17.21|22:26:07] Time consumption:
[11.17.21|22:26:07] Done.
[11.17.21|22:26:07] Training epoch: 28
[11.17.21|22:26:58] 	Iter 17400 Done. | loss: 4.5183 | lr: 0.010000
[11.17.21|22:27:50] 	Iter 17500 Done. | loss: 4.0985 | lr: 0.010000
[11.17.21|22:28:42] 	Iter 17600 Done. | loss: 4.3119 | lr: 0.010000
[11.17.21|22:29:35] 	Iter 17700 Done. | loss: 4.5046 | lr: 0.010000
[11.17.21|22:30:27] 	Iter 17800 Done. | loss: 4.4275 | lr: 0.010000
[11.17.21|22:31:19] 	Iter 17900 Done. | loss: 4.3056 | lr: 0.010000
[11.17.21|22:31:30] 	mean_loss: 4.479887847375715
[11.17.21|22:31:30] Time consumption:
[11.17.21|22:31:30] Done.
[11.17.21|22:31:30] Training epoch: 29
[11.17.21|22:32:12] 	Iter 18000 Done. | loss: 4.6504 | lr: 0.010000
[11.17.21|22:33:04] 	Iter 18100 Done. | loss: 4.1947 | lr: 0.010000
[11.17.21|22:33:56] 	Iter 18200 Done. | loss: 4.5880 | lr: 0.010000
[11.17.21|22:34:48] 	Iter 18300 Done. | loss: 4.7650 | lr: 0.010000
[11.17.21|22:35:41] 	Iter 18400 Done. | loss: 4.1431 | lr: 0.010000
[11.17.21|22:36:33] 	Iter 18500 Done. | loss: 4.9681 | lr: 0.010000
[11.17.21|22:36:53] 	mean_loss: 4.465022087097168
[11.17.21|22:36:53] Time consumption:
[11.17.21|22:36:53] Done.
[11.17.21|22:36:53] The model has been saved as elias/epoch30_model.pt.
[11.17.21|22:36:53] Eval epoch: 29
[11.17.21|22:38:44] 	mean_loss: 4.190819026580342
[11.17.21|22:38:45] 	Top1: 15.03%
[11.17.21|22:38:45] 	Top5: 35.05%
[11.17.21|22:38:45] Done.
[11.17.21|22:38:45] Training epoch: 30
[11.17.21|22:39:17] 	Iter 18600 Done. | loss: 4.6933 | lr: 0.001000
[11.17.21|22:40:09] 	Iter 18700 Done. | loss: 4.1604 | lr: 0.001000
[11.17.21|22:41:02] 	Iter 18800 Done. | loss: 4.6512 | lr: 0.001000
[11.17.21|22:41:54] 	Iter 18900 Done. | loss: 4.8320 | lr: 0.001000
[11.17.21|22:42:46] 	Iter 19000 Done. | loss: 4.7649 | lr: 0.001000
[11.17.21|22:43:38] 	Iter 19100 Done. | loss: 4.5923 | lr: 0.001000
[11.17.21|22:44:08] 	mean_loss: 4.373953569668396
[11.17.21|22:44:08] Time consumption:
[11.17.21|22:44:08] Done.
[11.17.21|22:44:08] Training epoch: 31
[11.17.21|22:44:31] 	Iter 19200 Done. | loss: 4.1056 | lr: 0.001000
[11.17.21|22:45:23] 	Iter 19300 Done. | loss: 4.0939 | lr: 0.001000
[11.17.21|22:46:16] 	Iter 19400 Done. | loss: 4.1181 | lr: 0.001000
[11.17.21|22:47:08] 	Iter 19500 Done. | loss: 4.3280 | lr: 0.001000
[11.17.21|22:48:00] 	Iter 19600 Done. | loss: 4.0368 | lr: 0.001000
[11.17.21|22:48:53] 	Iter 19700 Done. | loss: 4.2482 | lr: 0.001000
[11.17.21|22:49:32] 	mean_loss: 4.355415956873724
[11.17.21|22:49:32] Time consumption:
[11.17.21|22:49:32] Done.
[11.17.21|22:49:32] Training epoch: 32
[11.17.21|22:49:45] 	Iter 19800 Done. | loss: 4.3445 | lr: 0.001000
[11.17.21|22:50:37] 	Iter 19900 Done. | loss: 4.8465 | lr: 0.001000
[11.17.21|22:51:30] 	Iter 20000 Done. | loss: 4.2543 | lr: 0.001000
[11.17.21|22:52:22] 	Iter 20100 Done. | loss: 4.1633 | lr: 0.001000
[11.17.21|22:53:14] 	Iter 20200 Done. | loss: 4.2308 | lr: 0.001000
[11.17.21|22:54:07] 	Iter 20300 Done. | loss: 4.1994 | lr: 0.001000
[11.17.21|22:54:56] 	mean_loss: 4.350746585713235
[11.17.21|22:54:56] Time consumption:
[11.17.21|22:54:56] Done.
[11.17.21|22:54:56] Training epoch: 33
[11.17.21|22:54:59] 	Iter 20400 Done. | loss: 4.4670 | lr: 0.001000
[11.17.21|22:55:52] 	Iter 20500 Done. | loss: 4.6479 | lr: 0.001000
[11.17.21|22:56:44] 	Iter 20600 Done. | loss: 3.8368 | lr: 0.001000
[11.17.21|22:57:36] 	Iter 20700 Done. | loss: 4.5184 | lr: 0.001000
[11.17.21|22:58:29] 	Iter 20800 Done. | loss: 4.6678 | lr: 0.001000
[11.17.21|22:59:21] 	Iter 20900 Done. | loss: 4.3034 | lr: 0.001000
[11.17.21|23:00:13] 	Iter 21000 Done. | loss: 4.6453 | lr: 0.001000
[11.17.21|23:00:19] 	mean_loss: 4.343677001477831
[11.17.21|23:00:19] Time consumption:
[11.17.21|23:00:19] Done.
[11.17.21|23:00:19] Training epoch: 34
[11.17.21|23:01:06] 	Iter 21100 Done. | loss: 4.2665 | lr: 0.001000
[11.17.21|23:01:58] 	Iter 21200 Done. | loss: 4.5204 | lr: 0.001000
[11.17.21|23:02:50] 	Iter 21300 Done. | loss: 3.9915 | lr: 0.001000
[11.17.21|23:03:43] 	Iter 21400 Done. | loss: 4.6065 | lr: 0.001000
[11.17.21|23:04:35] 	Iter 21500 Done. | loss: 4.4724 | lr: 0.001000
[11.17.21|23:05:27] 	Iter 21600 Done. | loss: 3.9452 | lr: 0.001000
[11.17.21|23:05:42] 	mean_loss: 4.3352103885323485
[11.17.21|23:05:42] Time consumption:
[11.17.21|23:05:42] Done.
[11.17.21|23:05:42] Eval epoch: 34
[11.17.21|23:07:33] 	mean_loss: 4.1113451112645505
[11.17.21|23:07:33] 	Top1: 16.46%
[11.17.21|23:07:34] 	Top5: 37.61%
[11.17.21|23:07:34] Done.
[11.17.21|23:07:34] Training epoch: 35
[11.17.21|23:08:11] 	Iter 21700 Done. | loss: 4.3996 | lr: 0.001000
[11.17.21|23:09:03] 	Iter 21800 Done. | loss: 4.4715 | lr: 0.001000
[11.17.21|23:09:56] 	Iter 21900 Done. | loss: 4.7345 | lr: 0.001000
[11.17.21|23:10:48] 	Iter 22000 Done. | loss: 4.4676 | lr: 0.001000
[11.17.21|23:11:40] 	Iter 22100 Done. | loss: 4.2583 | lr: 0.001000
[11.17.21|23:12:33] 	Iter 22200 Done. | loss: 4.2807 | lr: 0.001000
[11.17.21|23:12:57] 	mean_loss: 4.3364895254277105
[11.17.21|23:12:57] Time consumption:
[11.17.21|23:12:57] Done.
[11.17.21|23:12:57] Training epoch: 36
[11.17.21|23:13:25] 	Iter 22300 Done. | loss: 5.0501 | lr: 0.001000
[11.17.21|23:14:18] 	Iter 22400 Done. | loss: 4.0404 | lr: 0.001000
[11.17.21|23:15:10] 	Iter 22500 Done. | loss: 4.2029 | lr: 0.001000
[11.17.21|23:16:02] 	Iter 22600 Done. | loss: 4.2453 | lr: 0.001000
[11.17.21|23:16:55] 	Iter 22700 Done. | loss: 4.5777 | lr: 0.001000
[11.17.21|23:17:47] 	Iter 22800 Done. | loss: 4.0271 | lr: 0.001000
[11.17.21|23:18:21] 	mean_loss: 4.327319329996325
[11.17.21|23:18:21] Time consumption:
[11.17.21|23:18:21] Done.
[11.17.21|23:18:21] Training epoch: 37
[11.17.21|23:18:40] 	Iter 22900 Done. | loss: 4.4097 | lr: 0.001000
[11.17.21|23:19:32] 	Iter 23000 Done. | loss: 3.9432 | lr: 0.001000
[11.17.21|23:20:25] 	Iter 23100 Done. | loss: 4.9242 | lr: 0.001000
[11.17.21|23:21:17] 	Iter 23200 Done. | loss: 4.3528 | lr: 0.001000
[11.17.21|23:22:09] 	Iter 23300 Done. | loss: 4.2311 | lr: 0.001000
[11.17.21|23:23:02] 	Iter 23400 Done. | loss: 4.4396 | lr: 0.001000
[11.17.21|23:23:45] 	mean_loss: 4.324996568624256
[11.17.21|23:23:45] Time consumption:
[11.17.21|23:23:45] Done.
[11.17.21|23:23:45] Training epoch: 38
[11.17.21|23:23:55] 	Iter 23500 Done. | loss: 3.9762 | lr: 0.001000
[11.17.21|23:24:47] 	Iter 23600 Done. | loss: 4.5874 | lr: 0.001000
[11.17.21|23:25:39] 	Iter 23700 Done. | loss: 4.2774 | lr: 0.001000
[11.17.21|23:26:32] 	Iter 23800 Done. | loss: 4.3879 | lr: 0.001000
[11.17.21|23:27:24] 	Iter 23900 Done. | loss: 4.8170 | lr: 0.001000
[11.17.21|23:28:17] 	Iter 24000 Done. | loss: 4.9463 | lr: 0.001000
[11.17.21|23:29:09] 	Iter 24100 Done. | loss: 4.4857 | lr: 0.001000
[11.17.21|23:29:10] 	mean_loss: 4.3171123621147425
[11.17.21|23:29:10] Time consumption:
[11.17.21|23:29:10] Done.
[11.17.21|23:29:10] Training epoch: 39
[11.17.21|23:30:02] 	Iter 24200 Done. | loss: 4.2958 | lr: 0.001000
[11.17.21|23:30:54] 	Iter 24300 Done. | loss: 4.4104 | lr: 0.001000
[11.17.21|23:31:46] 	Iter 24400 Done. | loss: 4.6279 | lr: 0.001000
[11.17.21|23:32:39] 	Iter 24500 Done. | loss: 4.7179 | lr: 0.001000
[11.17.21|23:33:31] 	Iter 24600 Done. | loss: 4.2230 | lr: 0.001000
[11.17.21|23:34:23] 	Iter 24700 Done. | loss: 4.2554 | lr: 0.001000
[11.17.21|23:34:33] 	mean_loss: 4.3114720420929995
[11.17.21|23:34:33] Time consumption:
[11.17.21|23:34:33] Done.
[11.17.21|23:34:34] The model has been saved as elias/epoch40_model.pt.
[11.17.21|23:34:34] Eval epoch: 39
[11.17.21|23:36:25] 	mean_loss: 4.075864622396491
[11.17.21|23:36:25] 	Top1: 17.23%
[11.17.21|23:36:25] 	Top5: 38.04%
[11.17.21|23:36:25] Done.
[11.17.21|23:36:26] Training epoch: 40
[11.17.21|23:37:08] 	Iter 24800 Done. | loss: 4.5029 | lr: 0.000100
[11.17.21|23:38:00] 	Iter 24900 Done. | loss: 4.0427 | lr: 0.000100
[11.17.21|23:38:53] 	Iter 25000 Done. | loss: 4.4435 | lr: 0.000100
[11.17.21|23:39:45] 	Iter 25100 Done. | loss: 4.1966 | lr: 0.000100
[11.17.21|23:40:37] 	Iter 25200 Done. | loss: 3.9173 | lr: 0.000100
[11.17.21|23:41:30] 	Iter 25300 Done. | loss: 3.9303 | lr: 0.000100
[11.17.21|23:41:49] 	mean_loss: 4.297306701589171
[11.17.21|23:41:49] Time consumption:
[11.17.21|23:41:49] Done.
[11.17.21|23:41:49] Training epoch: 41
[11.17.21|23:42:22] 	Iter 25400 Done. | loss: 3.8822 | lr: 0.000100
[11.17.21|23:43:15] 	Iter 25500 Done. | loss: 4.7039 | lr: 0.000100
[11.17.21|23:44:07] 	Iter 25600 Done. | loss: 4.2323 | lr: 0.000100
[11.17.21|23:45:00] 	Iter 25700 Done. | loss: 4.3531 | lr: 0.000100
[11.17.21|23:45:52] 	Iter 25800 Done. | loss: 4.6786 | lr: 0.000100
[11.17.21|23:46:44] 	Iter 25900 Done. | loss: 4.2754 | lr: 0.000100
[11.17.21|23:47:13] 	mean_loss: 4.292385283025723
[11.17.21|23:47:13] Time consumption:
[11.17.21|23:47:13] Done.
[11.17.21|23:47:13] Training epoch: 42
[11.17.21|23:47:37] 	Iter 26000 Done. | loss: 4.2811 | lr: 0.000100
[11.17.21|23:48:29] 	Iter 26100 Done. | loss: 4.0275 | lr: 0.000100
[11.17.21|23:49:22] 	Iter 26200 Done. | loss: 4.5626 | lr: 0.000100
[11.17.21|23:50:14] 	Iter 26300 Done. | loss: 4.3588 | lr: 0.000100
[11.17.21|23:51:07] 	Iter 26400 Done. | loss: 4.5390 | lr: 0.000100
[11.17.21|23:51:59] 	Iter 26500 Done. | loss: 4.3432 | lr: 0.000100
[11.17.21|23:52:37] 	mean_loss: 4.298473681446803
[11.17.21|23:52:37] Time consumption:
[11.17.21|23:52:37] Done.
[11.17.21|23:52:37] Training epoch: 43
[11.17.21|23:52:52] 	Iter 26600 Done. | loss: 4.3464 | lr: 0.000100
[11.17.21|23:53:44] 	Iter 26700 Done. | loss: 4.3900 | lr: 0.000100
[11.17.21|23:54:36] 	Iter 26800 Done. | loss: 4.2526 | lr: 0.000100
[11.17.21|23:55:29] 	Iter 26900 Done. | loss: 4.5736 | lr: 0.000100
[11.17.21|23:56:21] 	Iter 27000 Done. | loss: 3.8315 | lr: 0.000100
[11.17.21|23:57:13] 	Iter 27100 Done. | loss: 4.5941 | lr: 0.000100
[11.17.21|23:58:01] 	mean_loss: 4.297035201853533
[11.17.21|23:58:01] Time consumption:
[11.17.21|23:58:01] Done.
[11.17.21|23:58:01] Training epoch: 44
[11.17.21|23:58:06] 	Iter 27200 Done. | loss: 4.3466 | lr: 0.000100
[11.17.21|23:58:59] 	Iter 27300 Done. | loss: 3.7122 | lr: 0.000100
[11.17.21|23:59:51] 	Iter 27400 Done. | loss: 4.5303 | lr: 0.000100
[11.18.21|00:00:43] 	Iter 27500 Done. | loss: 4.4087 | lr: 0.000100
[11.18.21|00:01:36] 	Iter 27600 Done. | loss: 4.2689 | lr: 0.000100
[11.18.21|00:02:28] 	Iter 27700 Done. | loss: 4.5685 | lr: 0.000100
[11.18.21|00:03:20] 	Iter 27800 Done. | loss: 4.3575 | lr: 0.000100
[11.18.21|00:03:25] 	mean_loss: 4.29192872919311
[11.18.21|00:03:25] Time consumption:
[11.18.21|00:03:25] Done.
[11.18.21|00:03:25] Eval epoch: 44
[11.18.21|00:05:16] 	mean_loss: 4.058658477755471
[11.18.21|00:05:17] 	Top1: 17.41%
[11.18.21|00:05:17] 	Top5: 38.48%
[11.18.21|00:05:17] Done.
[11.18.21|00:05:17] Training epoch: 45
[11.18.21|00:06:05] 	Iter 27900 Done. | loss: 4.2378 | lr: 0.000100
[11.18.21|00:06:57] 	Iter 28000 Done. | loss: 3.9191 | lr: 0.000100
[11.18.21|00:07:50] 	Iter 28100 Done. | loss: 4.6458 | lr: 0.000100
[11.18.21|00:08:42] 	Iter 28200 Done. | loss: 4.6027 | lr: 0.000100
[11.18.21|00:09:35] 	Iter 28300 Done. | loss: 4.4569 | lr: 0.000100
[11.18.21|00:10:27] 	Iter 28400 Done. | loss: 4.4325 | lr: 0.000100
[11.18.21|00:10:41] 	mean_loss: 4.292963202331444
[11.18.21|00:10:41] Time consumption:
[11.18.21|00:10:41] Done.
[11.18.21|00:10:41] Training epoch: 46
[11.18.21|00:11:19] 	Iter 28500 Done. | loss: 4.2553 | lr: 0.000100
[11.18.21|00:12:12] 	Iter 28600 Done. | loss: 4.5600 | lr: 0.000100
[11.18.21|00:13:04] 	Iter 28700 Done. | loss: 4.4281 | lr: 0.000100
[11.18.21|00:13:57] 	Iter 28800 Done. | loss: 4.1037 | lr: 0.000100
[11.18.21|00:14:49] 	Iter 28900 Done. | loss: 4.7838 | lr: 0.000100
[11.18.21|00:15:41] 	Iter 29000 Done. | loss: 4.2770 | lr: 0.000100
[11.18.21|00:16:05] 	mean_loss: 4.28176109420443
[11.18.21|00:16:05] Time consumption:
[11.18.21|00:16:05] Done.
[11.18.21|00:16:05] Training epoch: 47
[11.18.21|00:16:34] 	Iter 29100 Done. | loss: 4.4650 | lr: 0.000100
[11.18.21|00:17:26] 	Iter 29200 Done. | loss: 4.5076 | lr: 0.000100
[11.18.21|00:18:19] 	Iter 29300 Done. | loss: 4.4499 | lr: 0.000100
[11.18.21|00:19:11] 	Iter 29400 Done. | loss: 4.7397 | lr: 0.000100
[11.18.21|00:20:03] 	Iter 29500 Done. | loss: 4.1902 | lr: 0.000100
[11.18.21|00:20:56] 	Iter 29600 Done. | loss: 4.1527 | lr: 0.000100
[11.18.21|00:21:29] 	mean_loss: 4.287909295566645
[11.18.21|00:21:29] Time consumption:
[11.18.21|00:21:29] Done.
[11.18.21|00:21:29] Training epoch: 48
[11.18.21|00:21:49] 	Iter 29700 Done. | loss: 4.5642 | lr: 0.000100
[11.18.21|00:22:41] 	Iter 29800 Done. | loss: 4.2014 | lr: 0.000100
[11.18.21|00:23:33] 	Iter 29900 Done. | loss: 4.3603 | lr: 0.000100
[11.18.21|00:24:26] 	Iter 30000 Done. | loss: 4.0060 | lr: 0.000100
[11.18.21|00:25:18] 	Iter 30100 Done. | loss: 4.2990 | lr: 0.000100
[11.18.21|00:26:11] 	Iter 30200 Done. | loss: 4.1573 | lr: 0.000100
[11.18.21|00:26:53] 	mean_loss: 4.286518342286637
[11.18.21|00:26:53] Time consumption:
[11.18.21|00:26:53] Done.
[11.18.21|00:26:53] Training epoch: 49
[11.18.21|00:27:04] 	Iter 30300 Done. | loss: 3.6782 | lr: 0.000100
[11.18.21|00:27:56] 	Iter 30400 Done. | loss: 4.4695 | lr: 0.000100
[11.18.21|00:28:49] 	Iter 30500 Done. | loss: 4.5383 | lr: 0.000100
[11.18.21|00:29:41] 	Iter 30600 Done. | loss: 4.6361 | lr: 0.000100
[11.18.21|00:30:34] 	Iter 30700 Done. | loss: 4.3989 | lr: 0.000100
[11.18.21|00:31:26] 	Iter 30800 Done. | loss: 4.2648 | lr: 0.000100
[11.18.21|00:32:18] 	mean_loss: 4.2914650640827166
[11.18.21|00:32:18] Time consumption:
[11.18.21|00:32:18] Done.
[11.18.21|00:32:18] The model has been saved as elias/epoch50_model.pt.
[11.18.21|00:32:18] Eval epoch: 49
[11.18.21|00:34:09] 	mean_loss: 4.05523489133992
[11.18.21|00:34:10] 	Top1: 17.30%
[11.18.21|00:34:10] 	Top5: 38.28%
[11.18.21|00:34:10] Done.
